2024-11-27 09:40:54,538 INFO  [main] Starting Chrome browser in normal mode...
2024-11-27 09:40:57,600 INFO  [main] Navigating to page: http://localhost:8081/
2024-11-27 09:40:58,159 INFO  [main] Navigating to page: http://localhost:8081/
2024-11-27 09:41:11,992 INFO  [main] Getting Title: 
2024-11-27 09:41:11,993 INFO  [main] Closing Browser...
2024-11-27 09:41:12,218 INFO  [main] Starting Chrome browser in normal mode...
2024-11-27 09:41:14,036 INFO  [main] Navigating to page: http://localhost:8081/
2024-11-27 09:41:14,704 INFO  [main] Navigating to page: http://localhost:8081/
2024-11-27 09:41:20,088 INFO  [main] Getting Title: WE are social media
2024-11-27 09:41:20,089 INFO  [main] Closing Browser...
2024-11-27 09:41:20,283 INFO  [main] Starting Chrome browser in normal mode...
2024-11-27 09:41:21,971 INFO  [main] Navigating to page: http://localhost:8081/
2024-11-27 09:41:22,617 INFO  [main] Navigating to page: http://localhost:8081/
2024-11-27 09:41:38,360 INFO  [main] Getting Title: WE are social media
2024-11-27 09:41:38,360 INFO  [main] Closing Browser...
2024-11-27 09:41:38,595 INFO  [main] Starting Chrome browser in normal mode...
2024-11-27 09:41:40,253 INFO  [main] Navigating to page: http://localhost:8081/
2024-11-27 09:41:40,892 INFO  [main] Navigating to page: http://localhost:8081/
2024-11-27 09:41:56,547 INFO  [main] Getting Title: WE are social media
2024-11-27 09:41:56,547 INFO  [main] Closing Browser...
2024-11-27 09:41:56,746 INFO  [main] Starting Chrome browser in normal mode...
2024-11-27 09:41:58,612 INFO  [main] Navigating to page: http://localhost:8081/
2024-11-27 09:41:59,280 INFO  [main] Navigating to page: http://localhost:8081/
2024-11-27 09:42:04,498 INFO  [main] Getting Title: WE are social media
2024-11-27 09:42:04,499 INFO  [main] Closing Browser...
2024-11-27 09:42:05,135 INFO  [main] Starting Chrome browser in normal mode...
2024-11-27 09:42:06,769 INFO  [main] Closing Browser...
2024-11-27 09:42:06,892 INFO  [main] Starting Chrome browser in normal mode...
2024-11-27 09:42:08,453 INFO  [main] Navigating to page: http://localhost:8081/
2024-11-27 09:42:09,197 INFO  [main] Navigating to page: http://localhost:8081/
2024-11-27 09:42:12,706 INFO  [main] Finding element with locator: By.xpath: //i
2024-11-27 09:42:13,022 INFO  [main] Getting Title: Update your profile
2024-11-27 09:42:13,023 INFO  [main] Closing Browser...
2024-11-27 09:42:13,330 INFO  [main] Starting Chrome browser in normal mode...
2024-11-27 09:42:15,010 INFO  [main] Navigating to page: http://localhost:8081/
2024-11-27 09:42:15,643 INFO  [main] Navigating to page: http://localhost:8081/
2024-11-27 09:42:19,935 INFO  [main] Finding element with locator: By.xpath: //h1
2024-11-27 09:42:20,579 INFO  [main] Getting Title: WEare social media
2024-11-27 09:42:20,579 INFO  [main] Closing Browser...
2024-11-27 09:42:20,727 INFO  [main] Starting Chrome browser in normal mode...
2024-11-27 09:42:22,271 INFO  [main] Navigating to page: http://localhost:8081/
2024-11-27 09:42:22,415 INFO  [main] Navigating to page: http://localhost:8081/
2024-11-27 09:42:26,639 INFO  [main] Finding element with locator: By.id: home
2024-11-27 09:42:26,744 INFO  [main] Getting Title: WEare social media
2024-11-27 09:42:26,745 INFO  [main] Closing Browser...
2024-11-27 09:42:26,914 INFO  [main] Starting Chrome browser in normal mode...
2024-11-27 09:42:28,436 INFO  [main] Navigating to page: http://localhost:8081/
2024-11-27 09:42:29,100 INFO  [main] Navigating to page: http://localhost:8081/
2024-11-27 09:42:33,403 INFO  [main] Finding element with locator: By.id: home
2024-11-27 09:42:33,524 INFO  [main] Getting Title: WEare social media
2024-11-27 09:42:33,524 INFO  [main] Closing Browser...
2024-11-27 09:42:33,679 INFO  [main] Starting Chrome browser in normal mode...
2024-11-27 09:42:35,320 INFO  [main] Navigating to page: http://localhost:8081/
2024-11-27 09:42:36,077 INFO  [main] Navigating to page: http://localhost:8081/
2024-11-27 09:42:40,439 INFO  [main] Finding element with locator: By.id: home
2024-11-27 09:42:40,558 INFO  [main] Getting Title: WEare social media
2024-11-27 09:42:40,558 INFO  [main] Closing Browser...
2024-11-27 09:42:40,820 INFO  [main] Starting Chrome browser in normal mode...
2024-11-27 09:42:42,482 INFO  [main] Closing Browser...
2024-11-27 09:42:42,611 INFO  [main] Starting Chrome browser in normal mode...
2024-11-27 09:42:44,306 INFO  [main] Navigating to page: http://localhost:8081/
2024-11-27 09:42:45,065 INFO  [main] Navigating to page: http://localhost:8081/
2024-11-27 09:42:49,992 INFO  [main] Finding element with locator: By.cssSelector: button.show-comments
2024-11-27 09:43:00,235 INFO  [main] Getting Title: WE are social media
2024-11-27 09:43:00,235 INFO  [main] Closing Browser...
2024-11-27 09:43:00,416 INFO  [main] Starting Chrome browser in normal mode...
2024-11-27 09:43:02,055 INFO  [main] Navigating to page: http://localhost:8081/
2024-11-27 09:43:02,746 INFO  [main] Navigating to page: http://localhost:8081/
2024-11-27 09:43:07,404 INFO  [main] Finding element with locator: By.xpath: //input[@value='Post Comment']
2024-11-27 09:43:08,521 INFO  [main] Finding element with locator: By.cssSelector: button.show-comments
2024-11-27 09:43:09,684 INFO  [main] Getting Title: WE are social media
2024-11-27 09:43:09,684 INFO  [main] Closing Browser...
2024-11-27 09:43:09,887 INFO  [main] Starting Chrome browser in normal mode...
2024-11-27 09:43:11,517 INFO  [main] Navigating to page: http://localhost:8081/
2024-11-27 09:43:12,290 INFO  [main] Navigating to page: http://localhost:8081/
2024-11-27 09:43:20,748 INFO  [main] Finding element with locator: By.xpath: //input[@value='Post Comment']
2024-11-27 09:43:22,288 INFO  [main] Finding element with locator: By.cssSelector: button.show-comments
2024-11-27 09:43:32,511 INFO  [main] Getting Title: WE are social media
2024-11-27 09:43:32,511 INFO  [main] Closing Browser...
2024-11-27 09:43:32,697 INFO  [main] Starting Chrome browser in normal mode...
2024-11-27 09:43:34,357 INFO  [main] Navigating to page: http://localhost:8081/
2024-11-27 09:43:35,013 INFO  [main] Navigating to page: http://localhost:8081/
2024-11-27 09:43:38,706 INFO  [main] Finding all element with locator: By.xpath: //div[@class='text pl-md-4']
2024-11-27 09:43:39,397 INFO  [main] Finding element with locator: By.xpath: //input[@value='Post Comment']
2024-11-27 09:43:41,045 INFO  [main] Finding element with locator: By.cssSelector: button.show-comments
2024-11-27 09:43:41,790 INFO  [main] Getting Title: WE are social media
2024-11-27 09:43:41,790 INFO  [main] Closing Browser...
2024-11-27 09:43:42,059 INFO  [main] Starting Chrome browser in normal mode...
2024-11-27 09:43:43,812 INFO  [main] Closing Browser...
2024-11-27 09:43:43,912 INFO  [main] Starting Chrome browser in normal mode...
2024-11-27 09:43:45,512 INFO  [main] Navigating to page: http://localhost:8081/
2024-11-27 09:43:46,224 INFO  [main] Navigating to page: http://localhost:8081/
2024-11-27 09:43:49,987 INFO  [main] Getting Title: WE are social media
2024-11-27 09:43:49,987 INFO  [main] Closing Browser...
2024-11-27 09:43:50,277 INFO  [main] Starting Chrome browser in normal mode...
2024-11-27 09:43:52,029 INFO  [main] Closing Browser...
2024-11-27 09:43:52,202 INFO  [main] Starting Chrome browser in normal mode...
2024-11-27 09:43:53,885 INFO  [main] Navigating to page: http://localhost:8081/
2024-11-27 09:43:55,869 INFO  [main] Finding element with locator: By.xpath: //h3[@class='mb-3 bread']
2024-11-27 09:43:56,481 INFO  [main] Getting Title: WE are social media
2024-11-27 09:43:56,481 INFO  [main] Closing Browser...
2024-11-27 09:43:56,586 INFO  [main] Starting Chrome browser in normal mode...
2024-11-27 09:43:58,263 INFO  [main] Navigating to page: http://localhost:8081/
2024-11-27 09:44:01,100 INFO  [main] Finding element with locator: By.xpath: //h1
2024-11-27 09:44:01,701 INFO  [main] Finding element with locator: By.xpath: //a[@class='navbar-brand']
2024-11-27 09:44:03,400 INFO  [main] Finding all element with locator: By.xpath: //h2[@class='mr-3 text-black']
2024-11-27 09:44:03,475 INFO  [main] Getting Title: WE are social media
2024-11-27 09:44:03,475 INFO  [main] Closing Browser...
2024-11-27 09:44:03,658 INFO  [main] Starting Chrome browser in normal mode...
2024-11-27 09:44:05,281 INFO  [main] Navigating to page: http://localhost:8081/
2024-11-27 09:44:08,524 INFO  [main] Finding element with locator: By.xpath: /html/body/section[1]/div/div/div/div/div[1]/div/div/span
2024-11-27 09:44:08,964 INFO  [main] Getting Title: WE are social media
2024-11-27 09:44:08,964 INFO  [main] Closing Browser...
2024-11-27 09:44:09,235 INFO  [main] Starting Chrome browser in normal mode...
2024-11-27 09:44:11,178 INFO  [main] Closing Browser...
2024-11-27 09:44:11,386 INFO  [main] Starting Chrome browser in normal mode...
2024-11-27 09:44:13,116 INFO  [main] Navigating to page: http://localhost:8081/
2024-11-27 09:44:15,316 INFO  [main] Finding element with locator: By.xpath: //h1
2024-11-27 09:44:15,919 INFO  [main] Getting Title: WE are social media
2024-11-27 09:44:15,920 INFO  [main] Closing Browser...
2024-11-27 09:44:16,113 INFO  [main] Starting Chrome browser in normal mode...
2024-11-27 09:44:17,796 INFO  [main] Navigating to page: http://localhost:8081/
2024-11-27 09:44:19,832 INFO  [main] Finding element with locator: By.xpath: //i[text()=' Wrong username or password. ']
2024-11-27 09:44:19,909 INFO  [main] Getting Title: Login
2024-11-27 09:44:19,909 INFO  [main] Closing Browser...
2024-11-27 09:44:20,043 INFO  [main] Starting Chrome browser in normal mode...
2024-11-27 09:44:21,684 INFO  [main] Navigating to page: http://localhost:8081/
2024-11-27 09:44:23,820 INFO  [main] Finding element with locator: By.xpath: //a[@href='/admin']
2024-11-27 09:44:23,852 INFO  [main] Getting Title: WE are social media
2024-11-27 09:44:23,852 INFO  [main] Closing Browser...
2024-11-27 09:44:24,015 INFO  [main] Starting Chrome browser in normal mode...
2024-11-27 09:44:25,641 INFO  [main] Navigating to page: http://localhost:8081/
2024-11-27 09:44:27,656 INFO  [main] Finding element with locator: By.xpath: //i[text()=' Wrong username or password. ']
2024-11-27 09:44:27,740 INFO  [main] Getting Title: Login
2024-11-27 09:44:27,740 INFO  [main] Closing Browser...
2024-11-27 09:44:27,878 INFO  [main] Starting Chrome browser in normal mode...
2024-11-27 09:44:29,408 INFO  [main] Navigating to page: http://localhost:8081/
2024-11-27 09:44:31,520 INFO  [main] Finding element with locator: By.xpath: //a[@href='/admin']
2024-11-27 09:44:31,552 INFO  [main] Getting Title: Login
2024-11-27 09:44:31,552 INFO  [main] Closing Browser...
2024-11-27 09:44:31,708 INFO  [main] Starting Chrome browser in normal mode...
2024-11-27 09:44:33,244 INFO  [main] Navigating to page: http://localhost:8081/
2024-11-27 09:44:36,632 INFO  [main] Getting Title: Login
2024-11-27 09:44:36,633 INFO  [main] Closing Browser...
2024-11-27 09:44:36,892 INFO  [main] Starting Chrome browser in normal mode...
2024-11-27 09:44:38,493 INFO  [main] Closing Browser...
2024-11-27 09:44:38,733 INFO  [main] Starting Chrome browser in normal mode...
2024-11-27 09:44:40,338 INFO  [main] Navigating to page: http://localhost:8081/
2024-11-27 09:44:43,113 INFO  [main] Finding element with locator: By.xpath: //div/div/i
2024-11-27 09:44:43,222 INFO  [main] Getting Title: WEare - Join our growing community
2024-11-27 09:44:43,222 INFO  [main] Closing Browser...
2024-11-27 09:44:43,391 INFO  [main] Starting Chrome browser in normal mode...
2024-11-27 09:44:44,968 INFO  [main] Navigating to page: http://localhost:8081/
2024-11-27 09:44:47,832 INFO  [main] Finding element with locator: By.xpath: //div/div/i
2024-11-27 09:44:47,907 INFO  [main] Getting Title: WEare - Join our growing community
2024-11-27 09:44:47,907 INFO  [main] Closing Browser...
2024-11-27 09:44:48,087 INFO  [main] Starting Chrome browser in normal mode...
2024-11-27 09:44:49,680 INFO  [main] Navigating to page: http://localhost:8081/
2024-11-27 09:44:52,418 INFO  [main] Finding element with locator: By.xpath: //div/div/i
2024-11-27 09:44:52,491 INFO  [main] Getting Title: WEare - Join our growing community
2024-11-27 09:44:52,491 INFO  [main] Closing Browser...
2024-11-27 09:44:52,656 INFO  [main] Starting Chrome browser in normal mode...
2024-11-27 09:44:54,380 INFO  [main] Navigating to page: http://localhost:8081/
2024-11-27 09:44:57,246 INFO  [main] Finding element with locator: By.xpath: //div/div/i
2024-11-27 09:44:57,324 INFO  [main] Getting Title: WEare - Join our growing community
2024-11-27 09:44:57,325 INFO  [main] Closing Browser...
2024-11-27 09:44:57,493 INFO  [main] Starting Chrome browser in normal mode...
2024-11-27 09:44:59,046 INFO  [main] Navigating to page: http://localhost:8081/
2024-11-27 09:45:01,946 INFO  [main] Getting Title: WEare - Join our growing community
2024-11-27 09:45:01,957 INFO  [main] Getting Title: WEare - Join our growing community
2024-11-27 09:45:01,957 INFO  [main] Closing Browser...
2024-11-27 09:45:02,111 INFO  [main] Starting Chrome browser in normal mode...
2024-11-27 09:45:03,852 INFO  [main] Navigating to page: http://localhost:8081/
2024-11-27 09:45:06,602 INFO  [main] Finding element with locator: By.xpath: //div/div/i
2024-11-27 09:45:06,682 INFO  [main] Getting Title: WEare - Join our growing community
2024-11-27 09:45:06,682 INFO  [main] Closing Browser...
2024-11-27 09:45:06,830 INFO  [main] Starting Chrome browser in normal mode...
2024-11-27 09:45:08,476 INFO  [main] Navigating to page: http://localhost:8081/
2024-11-27 09:45:10,941 INFO  [main] Finding element with locator: By.xpath: //div/div/i
2024-11-27 09:45:11,291 INFO  [main] Getting Title: WEare - Join our growing community
2024-11-27 09:45:11,291 INFO  [main] Closing Browser...
2024-11-27 09:45:11,466 INFO  [main] Starting Chrome browser in normal mode...
2024-11-27 09:45:13,004 INFO  [main] Navigating to page: http://localhost:8081/
2024-11-27 09:45:15,809 INFO  [main] Finding element with locator: By.xpath: //div/div/i
2024-11-27 09:45:15,876 INFO  [main] Getting Title: 
2024-11-27 09:45:15,876 INFO  [main] Closing Browser...
2024-11-27 09:45:16,145 INFO  [main] Starting Chrome browser in normal mode...
2024-11-27 09:45:17,826 INFO  [main] Navigating to page: http://localhost:8081/
2024-11-27 09:45:20,551 INFO  [main] Getting Title: Successful Registration
2024-11-27 09:45:20,569 INFO  [main] Getting Title: Successful Registration
2024-11-27 09:45:20,569 INFO  [main] Closing Browser...
2024-11-27 09:45:20,733 INFO  [main] Starting Chrome browser in normal mode...
2024-11-27 09:45:22,367 INFO  [main] Navigating to page: http://localhost:8081/
2024-11-27 09:45:24,859 INFO  [main] Finding element with locator: By.xpath: //div/div/i
2024-11-27 09:45:25,167 INFO  [main] Getting Title: WEare - Join our growing community
2024-11-27 09:45:25,168 INFO  [main] Closing Browser...
2024-11-27 09:45:25,351 INFO  [main] Starting Chrome browser in normal mode...
2024-11-27 09:45:27,036 INFO  [main] Navigating to page: http://localhost:8081/
2024-11-27 09:45:29,759 INFO  [main] Getting Title: WEare - Join our growing community
2024-11-27 09:45:29,759 INFO  [main] Closing Browser...
2024-11-27 09:45:29,919 INFO  [main] Starting Chrome browser in normal mode...
2024-11-27 09:45:31,511 INFO  [main] Navigating to page: http://localhost:8081/
2024-11-27 09:45:33,987 INFO  [main] Finding element with locator: By.xpath: //div/div/i
2024-11-27 09:45:34,337 INFO  [main] Getting Title: WEare - Join our growing community
2024-11-27 09:45:34,337 INFO  [main] Closing Browser...
2024-11-27 09:45:34,508 INFO  [main] Starting Chrome browser in normal mode...
2024-11-27 09:45:36,212 INFO  [main] Navigating to page: http://localhost:8081/
2024-11-27 09:45:38,975 INFO  [main] Finding element with locator: By.xpath: //div/div/i
2024-11-27 09:45:39,050 INFO  [main] Getting Title: WEare - Join our growing community
2024-11-27 09:45:39,050 INFO  [main] Closing Browser...
2024-11-27 09:45:39,303 INFO  [main] Starting Chrome browser in normal mode...
2024-11-27 09:45:41,028 INFO  [main] Closing Browser...
